mode: set
github.com/vitaLemoTea/secondstepweb/cmd/web/main.go:22.20,26.2 3 0
github.com/vitaLemoTea/secondstepweb/cmd/web/main.go:31.13,33.16 2 0
github.com/vitaLemoTea/secondstepweb/cmd/web/main.go:36.2,41.32 3 0
github.com/vitaLemoTea/secondstepweb/cmd/web/main.go:33.16,35.3 1 0
github.com/vitaLemoTea/secondstepweb/cmd/web/main.go:41.32,43.3 1 0
github.com/vitaLemoTea/secondstepweb/cmd/web/main.go:46.18,52.16 6 1
github.com/vitaLemoTea/secondstepweb/cmd/web/main.go:55.2,62.12 7 1
github.com/vitaLemoTea/secondstepweb/cmd/web/main.go:52.16,54.3 1 0
github.com/vitaLemoTea/secondstepweb/cmd/web/main.go:65.40,73.2 7 1
github.com/vitaLemoTea/secondstepweb/cmd/web/middleware.go:9.51,10.71 1 1
github.com/vitaLemoTea/secondstepweb/cmd/web/middleware.go:10.71,15.3 3 0
github.com/vitaLemoTea/secondstepweb/cmd/web/middleware.go:18.43,27.2 3 1
github.com/vitaLemoTea/secondstepweb/cmd/web/middleware.go:29.50,31.2 1 1
github.com/vitaLemoTea/secondstepweb/cmd/web/route.go:10.29,29.2 18 1
