mode: set
github.com/vitaLemoTea/secondstepweb/internal/render/render.go:19.39,21.2 1 0
github.com/vitaLemoTea/secondstepweb/internal/render/render.go:23.80,29.2 5 1
github.com/vitaLemoTea/secondstepweb/internal/render/render.go:31.98,33.17 2 1
github.com/vitaLemoTea/secondstepweb/internal/render/render.go:46.2,50.16 4 1
github.com/vitaLemoTea/secondstepweb/internal/render/render.go:53.2,54.16 2 1
github.com/vitaLemoTea/secondstepweb/internal/render/render.go:57.2,57.12 1 1
github.com/vitaLemoTea/secondstepweb/internal/render/render.go:33.17,35.10 2 1
github.com/vitaLemoTea/secondstepweb/internal/render/render.go:38.3,38.20 1 1
github.com/vitaLemoTea/secondstepweb/internal/render/render.go:35.10,37.4 1 1
github.com/vitaLemoTea/secondstepweb/internal/render/render.go:39.8,41.17 2 0
github.com/vitaLemoTea/secondstepweb/internal/render/render.go:44.3,44.19 1 0
github.com/vitaLemoTea/secondstepweb/internal/render/render.go:41.17,43.4 1 0
github.com/vitaLemoTea/secondstepweb/internal/render/render.go:50.16,52.3 1 0
github.com/vitaLemoTea/secondstepweb/internal/render/render.go:54.16,56.3 1 0
github.com/vitaLemoTea/secondstepweb/internal/render/render.go:60.53,63.16 3 1
github.com/vitaLemoTea/secondstepweb/internal/render/render.go:66.2,66.23 1 1
github.com/vitaLemoTea/secondstepweb/internal/render/render.go:79.2,79.16 1 1
github.com/vitaLemoTea/secondstepweb/internal/render/render.go:63.16,65.3 1 0
github.com/vitaLemoTea/secondstepweb/internal/render/render.go:66.23,70.17 4 1
github.com/vitaLemoTea/secondstepweb/internal/render/render.go:73.3,74.17 2 1
github.com/vitaLemoTea/secondstepweb/internal/render/render.go:77.3,77.17 1 1
github.com/vitaLemoTea/secondstepweb/internal/render/render.go:70.17,72.4 1 0
github.com/vitaLemoTea/secondstepweb/internal/render/render.go:74.17,76.4 1 0
