mode: set
github.com/vitaLemoTea/secondstepweb/internal/handlers/pagehandler.go:29.32,31.2 1 1
github.com/vitaLemoTea/secondstepweb/internal/handlers/pagehandler.go:33.60,38.2 1 0
github.com/vitaLemoTea/secondstepweb/internal/handlers/pagehandler.go:40.49,45.2 1 1
github.com/vitaLemoTea/secondstepweb/internal/handlers/pagehandler.go:47.70,60.16 4 1
github.com/vitaLemoTea/secondstepweb/internal/handlers/pagehandler.go:60.16,63.3 2 0
github.com/vitaLemoTea/secondstepweb/internal/handlers/pagehandler.go:67.71,73.16 4 1
github.com/vitaLemoTea/secondstepweb/internal/handlers/pagehandler.go:73.16,76.3 2 0
github.com/vitaLemoTea/secondstepweb/internal/handlers/pagehandler.go:80.74,83.16 3 1
github.com/vitaLemoTea/secondstepweb/internal/handlers/pagehandler.go:83.16,86.3 2 0
github.com/vitaLemoTea/secondstepweb/internal/handlers/pagehandler.go:89.71,92.16 3 1
github.com/vitaLemoTea/secondstepweb/internal/handlers/pagehandler.go:92.16,95.3 2 0
github.com/vitaLemoTea/secondstepweb/internal/handlers/pagehandler.go:97.77,100.16 3 1
github.com/vitaLemoTea/secondstepweb/internal/handlers/pagehandler.go:100.16,103.3 2 0
github.com/vitaLemoTea/secondstepweb/internal/handlers/pagehandler.go:106.73,109.16 3 1
github.com/vitaLemoTea/secondstepweb/internal/handlers/pagehandler.go:109.16,112.3 2 0
github.com/vitaLemoTea/secondstepweb/internal/handlers/pagehandler.go:115.81,121.16 3 1
github.com/vitaLemoTea/secondstepweb/internal/handlers/pagehandler.go:129.2,130.9 2 1
github.com/vitaLemoTea/secondstepweb/internal/handlers/pagehandler.go:135.2,136.16 2 1
github.com/vitaLemoTea/secondstepweb/internal/handlers/pagehandler.go:140.2,143.69 4 1
github.com/vitaLemoTea/secondstepweb/internal/handlers/pagehandler.go:121.16,127.3 5 0
github.com/vitaLemoTea/secondstepweb/internal/handlers/pagehandler.go:130.9,133.3 2 0
github.com/vitaLemoTea/secondstepweb/internal/handlers/pagehandler.go:136.16,139.3 2 0
github.com/vitaLemoTea/secondstepweb/internal/handlers/pagehandler.go:146.87,149.9 3 1
github.com/vitaLemoTea/secondstepweb/internal/handlers/pagehandler.go:153.2,158.48 6 1
github.com/vitaLemoTea/secondstepweb/internal/handlers/pagehandler.go:149.9,152.3 2 0
github.com/vitaLemoTea/secondstepweb/internal/handlers/pagehandler.go:162.83,164.16 2 0
github.com/vitaLemoTea/secondstepweb/internal/handlers/pagehandler.go:169.2,174.9 3 0
github.com/vitaLemoTea/secondstepweb/internal/handlers/pagehandler.go:178.2,188.16 10 0
github.com/vitaLemoTea/secondstepweb/internal/handlers/pagehandler.go:196.2,197.16 2 0
github.com/vitaLemoTea/secondstepweb/internal/handlers/pagehandler.go:201.2,201.19 1 0
github.com/vitaLemoTea/secondstepweb/internal/handlers/pagehandler.go:211.2,212.16 2 0
github.com/vitaLemoTea/secondstepweb/internal/handlers/pagehandler.go:216.2,228.16 3 0
github.com/vitaLemoTea/secondstepweb/internal/handlers/pagehandler.go:233.2,236.8 3 0
github.com/vitaLemoTea/secondstepweb/internal/handlers/pagehandler.go:164.16,167.3 2 0
github.com/vitaLemoTea/secondstepweb/internal/handlers/pagehandler.go:174.9,177.3 2 0
github.com/vitaLemoTea/secondstepweb/internal/handlers/pagehandler.go:188.16,190.17 2 0
github.com/vitaLemoTea/secondstepweb/internal/handlers/pagehandler.go:194.3,194.9 1 0
github.com/vitaLemoTea/secondstepweb/internal/handlers/pagehandler.go:190.17,193.4 2 0
github.com/vitaLemoTea/secondstepweb/internal/handlers/pagehandler.go:197.16,200.3 2 0
github.com/vitaLemoTea/secondstepweb/internal/handlers/pagehandler.go:201.19,204.17 3 0
github.com/vitaLemoTea/secondstepweb/internal/handlers/pagehandler.go:208.3,208.9 1 0
github.com/vitaLemoTea/secondstepweb/internal/handlers/pagehandler.go:204.17,207.4 2 0
github.com/vitaLemoTea/secondstepweb/internal/handlers/pagehandler.go:212.16,215.3 2 0
github.com/vitaLemoTea/secondstepweb/internal/handlers/pagehandler.go:228.16,231.3 2 0
github.com/vitaLemoTea/secondstepweb/internal/handlers/pagehandler.go:247.82,249.16 2 0
github.com/vitaLemoTea/secondstepweb/internal/handlers/pagehandler.go:254.2,258.16 5 0
github.com/vitaLemoTea/secondstepweb/internal/handlers/pagehandler.go:263.2,264.16 2 0
github.com/vitaLemoTea/secondstepweb/internal/handlers/pagehandler.go:268.2,269.16 2 0
github.com/vitaLemoTea/secondstepweb/internal/handlers/pagehandler.go:274.2,275.16 2 0
github.com/vitaLemoTea/secondstepweb/internal/handlers/pagehandler.go:279.2,280.12 2 0
github.com/vitaLemoTea/secondstepweb/internal/handlers/pagehandler.go:294.2,296.16 3 0
github.com/vitaLemoTea/secondstepweb/internal/handlers/pagehandler.go:300.2,301.13 2 0
github.com/vitaLemoTea/secondstepweb/internal/handlers/pagehandler.go:249.16,252.3 2 0
github.com/vitaLemoTea/secondstepweb/internal/handlers/pagehandler.go:258.16,261.3 2 0
github.com/vitaLemoTea/secondstepweb/internal/handlers/pagehandler.go:264.16,267.3 2 0
github.com/vitaLemoTea/secondstepweb/internal/handlers/pagehandler.go:269.16,272.3 2 0
github.com/vitaLemoTea/secondstepweb/internal/handlers/pagehandler.go:275.16,278.3 2 0
github.com/vitaLemoTea/secondstepweb/internal/handlers/pagehandler.go:280.12,283.3 2 0
github.com/vitaLemoTea/secondstepweb/internal/handlers/pagehandler.go:283.8,292.3 1 0
github.com/vitaLemoTea/secondstepweb/internal/handlers/pagehandler.go:296.16,299.3 2 0
github.com/vitaLemoTea/secondstepweb/internal/handlers/pagehandler.go:304.84,306.16 2 0
github.com/vitaLemoTea/secondstepweb/internal/handlers/pagehandler.go:311.2,315.16 5 0
github.com/vitaLemoTea/secondstepweb/internal/handlers/pagehandler.go:319.2,320.16 2 0
github.com/vitaLemoTea/secondstepweb/internal/handlers/pagehandler.go:324.2,325.16 2 0
github.com/vitaLemoTea/secondstepweb/internal/handlers/pagehandler.go:329.2,329.21 1 0
github.com/vitaLemoTea/secondstepweb/internal/handlers/pagehandler.go:334.2,342.8 6 0
github.com/vitaLemoTea/secondstepweb/internal/handlers/pagehandler.go:306.16,309.3 2 0
github.com/vitaLemoTea/secondstepweb/internal/handlers/pagehandler.go:315.16,318.3 2 0
github.com/vitaLemoTea/secondstepweb/internal/handlers/pagehandler.go:320.16,323.3 2 0
github.com/vitaLemoTea/secondstepweb/internal/handlers/pagehandler.go:325.16,328.3 2 0
github.com/vitaLemoTea/secondstepweb/internal/handlers/pagehandler.go:329.21,333.3 3 0
github.com/vitaLemoTea/secondstepweb/internal/handlers/pagehandler.go:345.84,348.9 2 0
github.com/vitaLemoTea/secondstepweb/internal/handlers/pagehandler.go:354.2,357.16 4 0
github.com/vitaLemoTea/secondstepweb/internal/handlers/pagehandler.go:348.9,353.3 4 0
github.com/vitaLemoTea/secondstepweb/internal/handlers/pagehandler.go:357.16,359.3 1 0
github.com/vitaLemoTea/secondstepweb/internal/handlers/pagehandler.go:362.73,366.16 4 0
github.com/vitaLemoTea/secondstepweb/internal/handlers/pagehandler.go:373.2,374.16 2 0
github.com/vitaLemoTea/secondstepweb/internal/handlers/pagehandler.go:378.2,379.16 2 0
github.com/vitaLemoTea/secondstepweb/internal/handlers/pagehandler.go:383.2,384.16 2 0
github.com/vitaLemoTea/secondstepweb/internal/handlers/pagehandler.go:388.2,389.16 2 0
github.com/vitaLemoTea/secondstepweb/internal/handlers/pagehandler.go:393.2,399.60 7 0
github.com/vitaLemoTea/secondstepweb/internal/handlers/pagehandler.go:366.16,369.3 2 0
github.com/vitaLemoTea/secondstepweb/internal/handlers/pagehandler.go:374.16,377.3 2 0
github.com/vitaLemoTea/secondstepweb/internal/handlers/pagehandler.go:379.16,382.3 2 0
github.com/vitaLemoTea/secondstepweb/internal/handlers/pagehandler.go:384.16,387.3 2 0
github.com/vitaLemoTea/secondstepweb/internal/handlers/pagehandler.go:389.16,392.3 2 0
