mode: set
github.com/vitaLemoTea/secondstepweb/internal/handlers/pagehandler.go:21.32,23.2 1 1
github.com/vitaLemoTea/secondstepweb/internal/handlers/pagehandler.go:25.45,27.2 1 1
github.com/vitaLemoTea/secondstepweb/internal/handlers/pagehandler.go:29.70,42.16 4 1
github.com/vitaLemoTea/secondstepweb/internal/handlers/pagehandler.go:42.16,45.3 2 0
github.com/vitaLemoTea/secondstepweb/internal/handlers/pagehandler.go:49.71,55.2 3 1
github.com/vitaLemoTea/secondstepweb/internal/handlers/pagehandler.go:71.2,73.16 3 1
github.com/vitaLemoTea/secondstepweb/internal/handlers/pagehandler.go:55.2,57.10 2 1
github.com/vitaLemoTea/secondstepweb/internal/handlers/pagehandler.go:62.3,63.10 2 1
github.com/vitaLemoTea/secondstepweb/internal/handlers/pagehandler.go:57.10,59.4 1 1
github.com/vitaLemoTea/secondstepweb/internal/handlers/pagehandler.go:59.9,61.4 1 0
github.com/vitaLemoTea/secondstepweb/internal/handlers/pagehandler.go:63.10,65.4 1 1
github.com/vitaLemoTea/secondstepweb/internal/handlers/pagehandler.go:65.9,67.4 1 0
github.com/vitaLemoTea/secondstepweb/internal/handlers/pagehandler.go:73.16,76.3 2 0
github.com/vitaLemoTea/secondstepweb/internal/handlers/pagehandler.go:80.74,83.16 3 1
github.com/vitaLemoTea/secondstepweb/internal/handlers/pagehandler.go:83.16,86.3 2 0
github.com/vitaLemoTea/secondstepweb/internal/handlers/pagehandler.go:89.71,92.16 3 1
github.com/vitaLemoTea/secondstepweb/internal/handlers/pagehandler.go:92.16,95.3 2 0
github.com/vitaLemoTea/secondstepweb/internal/handlers/pagehandler.go:97.77,100.16 3 1
github.com/vitaLemoTea/secondstepweb/internal/handlers/pagehandler.go:100.16,103.3 2 0
github.com/vitaLemoTea/secondstepweb/internal/handlers/pagehandler.go:106.73,109.16 3 1
github.com/vitaLemoTea/secondstepweb/internal/handlers/pagehandler.go:109.16,112.3 2 0
github.com/vitaLemoTea/secondstepweb/internal/handlers/pagehandler.go:115.70,121.16 6 1
github.com/vitaLemoTea/secondstepweb/internal/handlers/pagehandler.go:121.16,124.3 2 0
github.com/vitaLemoTea/secondstepweb/internal/handlers/pagehandler.go:127.84,142.16 7 1
github.com/vitaLemoTea/secondstepweb/internal/handlers/pagehandler.go:152.2,155.8 3 1
github.com/vitaLemoTea/secondstepweb/internal/handlers/pagehandler.go:142.16,146.17 4 1
github.com/vitaLemoTea/secondstepweb/internal/handlers/pagehandler.go:150.3,150.9 1 1
github.com/vitaLemoTea/secondstepweb/internal/handlers/pagehandler.go:146.17,149.4 2 0
github.com/vitaLemoTea/secondstepweb/internal/handlers/pagehandler.go:158.82,168.16 4 0
github.com/vitaLemoTea/secondstepweb/internal/handlers/pagehandler.go:171.2,173.8 3 0
github.com/vitaLemoTea/secondstepweb/internal/handlers/pagehandler.go:168.16,170.3 1 0
github.com/vitaLemoTea/secondstepweb/internal/handlers/pagehandler.go:176.84,179.9 2 1
github.com/vitaLemoTea/secondstepweb/internal/handlers/pagehandler.go:185.2,188.16 4 0
github.com/vitaLemoTea/secondstepweb/internal/handlers/pagehandler.go:179.9,184.3 4 1
github.com/vitaLemoTea/secondstepweb/internal/handlers/pagehandler.go:188.16,190.3 1 0
